[2016.04.20-01.46.03:871][  0]Log file open, 04/19/16 21:46:03
[2016.04.20-01.46.03:871][  0]LogInit:Display: Running engine for game: Butterfly
[2016.04.20-01.46.03:871][  0]LogPlatformFile: Not using cached read wrapper
[2016.04.20-01.46.03:871][  0]LogInit:Display: RandInit(-1881727816) SRandInit(-1881727815).
[2016.04.20-01.46.03:871][  0]LogTaskGraph: Started task graph with 4 named threads and 7 total threads.
[2016.04.20-01.46.03:871][  0]LogStats: Stats thread started at 0.069081
[2016.04.20-01.46.03:871][  0]LogInit: Version: 4.10.4-2872498+++depot+UE4-Releases+4.10
[2016.04.20-01.46.03:871][  0]LogInit: API Version: 2758231
[2016.04.20-01.46.03:871][  0]LogInit: Compiled (64-bit): Feb 18 2016 15:47:04
[2016.04.20-01.46.03:871][  0]LogInit: Compiled with Visual C++: 19.00.23026.00
[2016.04.20-01.46.03:871][  0]LogInit: Build Configuration: Development
[2016.04.20-01.46.03:871][  0]LogInit: Branch Name: ++depot+UE4-Releases+4.10
[2016.04.20-01.46.03:871][  0]LogInit: Command line:  
[2016.04.20-01.46.03:871][  0]LogInit: Base directory: F:/Program Files (x86)/Epic Games/4.10/Engine/Binaries/Win64/
[2016.04.20-01.46.03:871][  0]LogInit: Rocket: 1
[2016.04.20-01.46.03:878][  0]LogInit: Using libcurl 7.41.0
[2016.04.20-01.46.03:878][  0]LogInit:  - built for x86_64-pc-win32
[2016.04.20-01.46.03:878][  0]LogInit:  - supports SSL with WinSSL
[2016.04.20-01.46.03:878][  0]LogInit:  - other features:
[2016.04.20-01.46.03:878][  0]LogInit:      CURL_VERSION_SSL
[2016.04.20-01.46.03:878][  0]LogInit:      CURL_VERSION_IPV6
[2016.04.20-01.46.03:878][  0]LogInit:      CURL_VERSION_ASYNCHDNS
[2016.04.20-01.46.03:878][  0]LogInit:      CURL_VERSION_LARGEFILE
[2016.04.20-01.46.03:878][  0]LogInit:      CURL_VERSION_IDN
[2016.04.20-01.46.03:878][  0]LogInit:  CurlRequestOptions (configurable via config and command line):
[2016.04.20-01.46.03:878][  0]LogInit:  - bVerifyPeer = true  - Libcurl will verify peer certificate
[2016.04.20-01.46.03:878][  0]LogInit:  - bUseHttpProxy = false  - Libcurl will NOT use HTTP proxy
[2016.04.20-01.46.03:878][  0]LogInit:  - bDontReuseConnections = false  - Libcurl will reuse connections
[2016.04.20-01.46.03:878][  0]LogInit:  - CertBundlePath = nullptr  - Libcurl will use whatever was configured at build time.
[2016.04.20-01.46.03:885][  0]LogInit: Presizing for 0 objects not considered by GC, pre-allocating 0 bytes.
[2016.04.20-01.46.03:894][  0]LogInit: Object subsystem initialized
[2016.04.20-01.46.03:895][  0]LogInit: Selected Device Profile: [Windows]
[2016.04.20-01.46.03:895][  0]LogInit: Applying CVar settings loaded from the selected device profile: [Windows]
[2016.04.20-01.46.03:905][  0]LogInit: Computer: PATRICK-PC
[2016.04.20-01.46.03:905][  0]LogInit: User: Patrick
[2016.04.20-01.46.03:905][  0]LogInit: CPU Page size=4096, Cores=4
[2016.04.20-01.46.03:905][  0]LogInit: High frequency timer resolution =3.320308 MHz
[2016.04.20-01.46.03:905][  0]LogMemory: Memory total: Physical=16.0GB (16GB approx)
[2016.04.20-01.46.03:905][  0]LogMemory: Platform Memory Stats for Windows
[2016.04.20-01.46.03:905][  0]LogMemory: Process Physical Memory: 56.28 MB used, 56.28 MB peak
[2016.04.20-01.46.03:905][  0]LogMemory: Process Virtual Memory: 56.80 MB used, 56.80 MB peak
[2016.04.20-01.46.03:905][  0]LogMemory: Physical Memory: 3347.57 MB used, 16335.68 MB total
[2016.04.20-01.46.03:905][  0]LogMemory: Virtual Memory: 382.86 MB used, 134217728.00 MB total
[2016.04.20-01.46.03:937][  0]LogTextLocalizationManager: No specific translations for ('en-US') exist, so ('en') translations will be used.
[2016.04.20-01.46.04:348][  0]LogD3D11RHI: Found D3D11 adapter 0: NVIDIA GeForce GTX 970 (Feature Level 11_0)
[2016.04.20-01.46.04:348][  0]LogD3D11RHI: Adapter has 4007MB of dedicated video memory, 0MB of dedicated system memory, and 8167MB of shared system memory, 2 output[s]
[2016.04.20-01.46.04:349][  0]LogD3D11RHI: Found D3D11 adapter 1: Microsoft Basic Render Driver (Feature Level 11_0)
[2016.04.20-01.46.04:349][  0]LogD3D11RHI: Adapter has 0MB of dedicated video memory, 0MB of dedicated system memory, and 8167MB of shared system memory, 0 output[s]
[2016.04.20-01.46.04:349][  0]LogD3D11RHI: Chosen D3D11 Adapter Id = 0
[2016.04.20-01.46.04:352][  0]LogD3D11RHI: !Direct3DDevice
[2016.04.20-01.46.04:353][  0]LogRHI: Texture pool is 1361 MB (70% of 1945 MB)
[2016.04.20-01.46.04:367][  0]LogD3D11RHI: Async texture creation enabled
[2016.04.20-01.46.04:395][  0]LogShaderCompilers: Guid format shader working directory is 13 characters bigger than the processId version (C:/Users/Patricks/Desktop/Butterfly/Intermediate/Shaders/WorkingDirectory/13184/).
[2016.04.20-01.46.04:395][  0]LogShaderCompilers: Cleaned the shader compiler working directory 'C:/Users/Patricks/AppData/Local/Temp/UnrealShaderWorkingDir/130A66BF4088E8C5FE8FD394CDC6E88C/'.
[2016.04.20-01.46.04:395][  0]LogShaderCompilers:Display: Using Local Shader Compiler.
[2016.04.20-01.46.04:997][  0]LogTemp:Display: Loaded TP AllDesktopTargetPlatform
[2016.04.20-01.46.05:000][  0]LogTemp:Display: Loaded TP WindowsClientTargetPlatform
[2016.04.20-01.46.05:002][  0]LogTemp:Display: Loaded TP WindowsNoEditorTargetPlatform
[2016.04.20-01.46.05:006][  0]LogTemp:Display: Loaded TP WindowsServerTargetPlatform
[2016.04.20-01.46.05:009][  0]LogTemp:Display: Loaded TP WindowsTargetPlatform
[2016.04.20-01.46.05:011][  0]LogTemp:Display: Loaded TP AndroidTargetPlatform
[2016.04.20-01.46.05:012][  0]LogTemp:Display: Loaded TP Android_ASTCTargetPlatform
[2016.04.20-01.46.05:015][  0]LogTemp:Display: Loaded TP Android_ATCTargetPlatform
[2016.04.20-01.46.05:017][  0]LogTemp:Display: Loaded TP Android_DXTTargetPlatform
[2016.04.20-01.46.05:019][  0]LogTemp:Display: Loaded TP Android_ETC1TargetPlatform
[2016.04.20-01.46.05:021][  0]LogTemp:Display: Loaded TP Android_ETC2TargetPlatform
[2016.04.20-01.46.05:026][  0]LogTemp:Display: Loaded TP Android_MultiTargetPlatform
[2016.04.20-01.46.05:026][  0]LogTemp:Display: Loaded TP Android_PVRTCTargetPlatform
[2016.04.20-01.46.05:026][  0]LogTemp:Display: Loaded TP HTML5TargetPlatform
[2016.04.20-01.46.05:041][  0]LogTemp:Display: Loaded TP IOSTargetPlatform
[2016.04.20-01.46.05:044][  0]LogTemp:Display: Loaded TP LinuxNoEditorTargetPlatform
[2016.04.20-01.46.05:046][  0]LogTemp:Display: Loaded TP LinuxServerTargetPlatform
[2016.04.20-01.46.05:048][  0]LogTemp:Display: Loaded TP LinuxTargetPlatform
[2016.04.20-01.46.05:049][  0]LogTargetPlatformManager:Display: Building Assets For Windows
[2016.04.20-01.46.05:096][  0]LogDerivedDataCache:Display: Max Cache Size: 512 MB
[2016.04.20-01.46.05:134][  0]LogDerivedDataCache: Loaded boot cache 0.04s 41MB C:/Users/Patricks/AppData/Local/UnrealEngine/4.10/DerivedDataCache/Boot.ddc.
[2016.04.20-01.46.05:134][  0]LogDerivedDataCache:Display: Loaded Boot cache: C:/Users/Patricks/AppData/Local/UnrealEngine/4.10/DerivedDataCache/Boot.ddc
[2016.04.20-01.46.05:134][  0]LogDerivedDataCache: FDerivedDataBackendGraph:  Pak pak cache file C:/Users/Patricks/Desktop/Butterfly/DerivedDataCache/DDC.ddp not found, will not use a pak cache.
[2016.04.20-01.46.05:134][  0]LogDerivedDataCache: Unable to find inner node Pak for hierarchical cache Hierarchy.
[2016.04.20-01.46.05:134][  0]LogDerivedDataCache: FDerivedDataBackendGraph:  CompressedPak pak cache file C:/Users/Patricks/Desktop/Butterfly/DerivedDataCache/Compressed.ddp not found, will not use a pak cache.
[2016.04.20-01.46.05:134][  0]LogDerivedDataCache: Unable to find inner node CompressedPak for hierarchical cache Hierarchy.
[2016.04.20-01.46.05:181][  0]LogDerivedDataCache:Display: Pak cache opened for reading ../../../Engine/DerivedDataCache/Compressed.ddp.
[2016.04.20-01.46.05:192][  0]LogDerivedDataCache: Using Local data cache path C:/Users/Patricks/AppData/Local/UnrealEngine/Common/DerivedDataCache: Writable
[2016.04.20-01.46.05:322][  0]LogInit: Selected Device Profile: [Windows]
[2016.04.20-01.46.05:325][  0]LogContentStreaming: Texture pool size is 0.000000MB
[2016.04.20-01.46.05:411][  0]LogMeshUtilities: No automatic mesh reduction module available
[2016.04.20-01.46.05:411][  0]LogMeshUtilities: No automatic mesh merging module available
[2016.04.20-01.46.05:605][  0]LogInit: WinSock: version 1.1 (2.2), MaxSocks=32767, MaxUdp=65467
[2016.04.20-01.46.06:177][  0]LogAssetRegistry: FAssetRegistry took 0.0109 seconds to start up
[2016.04.20-01.46.06:185][  0]UdpMessaging: Initializing bridge on interface 0.0.0.0:0 to multicast group 230.0.0.1:6666.
[2016.04.20-01.46.06:363][  0]SourceControl: Info Source control is disabled
[2016.04.20-01.46.06:392][  0]SourceControl: Info Source control is disabled
[2016.04.20-01.46.06:398][  0]SourceControl: Info Source control is disabled
[2016.04.20-01.46.06:403][  0]SourceControl: Info Source control is disabled
[2016.04.20-01.46.06:536][  0]LogObj: 28802 objects as part of root set at end of initial load.
[2016.04.20-01.46.06:536][  0]LogUObjectAllocator: 6129768 out of 0 bytes used by permanent object pool.
[2016.04.20-01.46.06:583][  0]LogEngine: Initializing Engine...
[2016.04.20-01.46.06:585][  0]LogHMD: Can't find Oculus library dev build: is proper Runtime installed? Version: 0.8.0.0
[2016.04.20-01.46.06:586][  0]LogHMD: SteamVR failed to initialize.  Err: 110
[2016.04.20-01.46.06:677][  0]LogAIModule: Creating AISystem for world NewWorld
[2016.04.20-01.46.06:681][  0]LogInit: XAudio2 using 'Speakers (Realtek High Definition Audio)' : 2 channels at 48 kHz using 32 bits per sample (channel mask 0x3)
[2016.04.20-01.46.06:695][  0]LogInit: FAudioDevice initialized.
[2016.04.20-01.46.06:713][  0]LogDerivedDataCache: Saved boot cache 0.02s 41MB C:/Users/Patricks/AppData/Local/UnrealEngine/4.10/DerivedDataCache/Boot.ddc.
[2016.04.20-01.46.06:717][  0]LogInit: Texture streaming: Enabled
[2016.04.20-01.46.06:720][  0]LogAnalytics: Creating configured Analytics provider AnalyticsET
[2016.04.20-01.46.06:720][  0]LogAnalytics: [UEEditor.Rocket.Release] APIServer = http://et2.epicgames.com/ET2/. AppVersion = 4.10.4-2872498+++depot+UE4-Releases+4.10
[2016.04.20-01.46.06:720][  0]LogAnalytics: [UEEditor.Rocket.Release] SetUserId a11d35bb4e716de7671871ae5c56ff65|a9573fc7a2ed483b825d82afb9787580|e4cea92d-f8ff-4de5-9849-405755594103
[2016.04.20-01.46.06:720][  0]LogAnalytics: [UEEditor.Rocket.Release] AnalyticsET::StartSession
[2016.04.20-01.46.06:731][  0]LogInit: Transaction tracking system initialized
[2016.04.20-01.46.06:746][  0]BlueprintLog: New page: Editor Load
[2016.04.20-01.46.06:791][  0]LocalizationService: Info Localization service is disabled
[2016.04.20-01.46.06:830][  0]LogLinker:Warning: Can't find file '/Game/VehicleBP/VehicleOverview'
[2016.04.20-01.46.06:830][  0]LogLinker:Warning: Can't find file '/Game/VehicleBP/VehicleOverview'
[2016.04.20-01.46.06:830][  0]LogUObjectGlobals:Warning: Failed to find object 'Class /Game/VehicleBP/VehicleOverview.VehicleOverview_C'
[2016.04.20-01.46.06:840][  0]LogConsoleResponse:Display: 
[2016.04.20-01.46.06:924][  0]LogCook:Display: Done creating registry. It took  0.00s.
[2016.04.20-01.46.06:955][  0]LogFileCache: Scanning file cache for directory 'C:/Users/Patricks/Desktop/Butterfly/Content/' took 0.02s
[2016.04.20-01.46.06:955][  0]SourceControl: Info Source control is disabled
[2016.04.20-01.46.06:955][  0]Cmd: MAP LOAD FILE="C:/Users/Patricks/Desktop/Butterfly/Content/2DSideScrollerBP/Maps/2DSideScrollerExampleMap.umap" TEMPLATE=0 SHOWPROGRESS=1 FEATURELEVEL=3
[2016.04.20-01.46.06:955][  0]LightingResults: New page: Lighting Build
[2016.04.20-01.46.06:957][  0]MapCheck: New page: Map Check
[2016.04.20-01.46.06:957][  0]LightingResults: New page: Lighting Build
[2016.04.20-01.46.06:965][  0]LogParticles: Destroying 0 GPU particle simulations for FXSystem 0x000001829267E160
[2016.04.20-01.46.07:347][  0]LogAIModule: Creating AISystem for world 2DSideScrollerExampleMap
[2016.04.20-01.46.07:352][  0]LogEditorServer: Finished looking for orphan Actors (0.000 secs)
[2016.04.20-01.46.07:352][  0]Cmd: MAP CHECKDEP NOCLEARLOG
[2016.04.20-01.46.07:394][  0]MapCheck: Info Map check complete: 0 Error(s), 0 Warning(s), took 41.792ms to complete.
[2016.04.20-01.46.07:394][  0]LogFileHelpers: Loading map '2DSideScrollerExampleMap' took 0.439
[2016.04.20-01.46.07:514][  0]LogCollectionManager: Loaded 0 collections in 0.001004 seconds
[2016.04.20-01.46.07:557][  0]LogFileCache: Scanning file cache for directory 'C:/Users/Patricks/Desktop/Butterfly/Saved/Collections/' took 0.01s
[2016.04.20-01.46.07:557][  0]LogFileCache: Scanning file cache for directory 'C:/Users/Patricks/Desktop/Butterfly/Content/Developers/Patrick/Collections/' took 0.01s
[2016.04.20-01.46.07:557][  0]LogFileCache: Scanning file cache for directory 'C:/Users/Patricks/Desktop/Butterfly/Content/Collections/' took 0.01s
[2016.04.20-01.46.07:557][  0]LogCollectionManager: Rebuilt the GUID cache for 0 collections in 0.000001 seconds
[2016.04.20-01.46.07:563][  0]LogContentBrowser: Native class hierarchy populated in 0.0060 seconds. Added 1908 classes and 344 folders.
[2016.04.20-01.46.07:566][  0]LogContentBrowser: Native class hierarchy updated for 'WidgetCarousel' in 0.0002 seconds. Added 0 classes and 0 folders.
[2016.04.20-01.46.07:595][  0]LogContentBrowser: Native class hierarchy updated for 'AddContentDialog' in 0.0003 seconds. Added 0 classes and 0 folders.
[2016.04.20-01.46.07:614][  0]LogContentBrowser: Native class hierarchy updated for 'SceneOutliner' in 0.0003 seconds. Added 1 classes and 2 folders.
[2016.04.20-01.46.07:643][  0]LogCrashTracker: Crashtracker disabled due to settings.
[2016.04.20-01.46.07:651][  0]LogUObjectGlobals:Warning: Failed to find object 'Class None.'
[2016.04.20-01.46.07:674][  0]LogLoad: Full Startup: 4.17 seconds (BP compile: 0.09 seconds)
[2016.04.20-01.46.07:683][  0]LogWindowsTextInputMethodSystem:Display: IME system now deactivated.
[2016.04.20-01.46.07:685][  0]LogOcInput: Can't find Oculus library dev build: is proper Runtime installed? Version: 0.8.0.0
[2016.04.20-01.46.07:732][  0]LogContentStreaming: Texture pool size now 1000 MB
[2016.04.20-01.46.07:856][  0]LogRenderer: Reallocating scene render targets to support 1208x500 (Frame:2).
[2016.04.20-01.46.08:087][  3]LogAssetRegistry: Asset discovery search completed in 1.9212 seconds
[2016.04.20-01.46.08:087][  3]LogCollectionManager: Rebuilt the object cache for 0 collections in 0.000001 seconds (found 0 objects)
[2016.04.20-01.46.08:087][  3]LogCollectionManager: Fixed up redirectors for 0 collections in 0.000014 seconds (updated 0 objects)
[2016.04.20-01.47.23:868][ 31]LogLinker:Warning: Asset '../../../Engine/Content/ArtTools/RenderToTexture/Macros/RenderToTextureMacros.uasset' has been saved with empty engine version. The asset will be loaded but may be incompatible.
[2016.04.20-01.47.24:177][ 31]LogContentBrowser: Native class hierarchy updated for 'BlueprintGraph' in 0.0006 seconds. Added 107 classes and 0 folders.
[2016.04.20-01.47.24:454][ 31]LogActor:Warning: GameNetworkManager /Engine/Transient.World_2:PersistentLevel.GameNetworkManager_0 has natively added scene component(s), but none of them were set as the actor's RootComponent - picking one arbitrarily
[2016.04.20-01.47.58:627][117]BlueprintLog: New page: Compile 2DSideScrollerGameMode
[2016.04.20-01.47.58:705][117]BlueprintEditorCompileResults: Info [0115.20] Compile of 2DSideScrollerGameMode successful! [in 77 ms]
[2016.04.20-01.47.59:587][211]LogSavePackage: Save=17.996523ms
[2016.04.20-01.47.59:587][211]LogSavePackage: Moving 'C:/Users/Patricks/Desktop/Butterfly/Saved/2DSideScrollerGameMode7E44E4B54A16E0BA5E028791A7747B1B.tmp' to 'C:/Users/Patricks/Desktop/Butterfly/Content/2DSideScrollerBP/Blueprints/2DSideScrollerGameMode.uasset'
[2016.04.20-01.47.59:589][211]LogSavePackage: Total save time: 39.823111ms
[2016.04.20-01.47.59:589][211]LogSavePackage:Display: Finished SavePackage C:/Users/Patricks/Desktop/Butterfly/Content/2DSideScrollerBP/Blueprints/2DSideScrollerGameMode.uasset
[2016.04.20-01.49.35:835][663]BlueprintLog: New page: Compile 2DSideScrollerExampleMap
[2016.04.20-01.49.35:898][663]BlueprintEditorCompileResults: Info [0212.39] Compile of 2DSideScrollerExampleMap successful! [in 63 ms]
[2016.04.20-01.49.37:974][909]LogBlueprintUserMessages: Early PlayInEditor Detection: Level '/Game/2DSideScrollerBP/Maps/2DSideScrollerExampleMap.2DSideScrollerExampleMap:PersistentLevel' has LevelScriptBlueprint '/Game/2DSideScrollerBP/Maps/2DSideScrollerExampleMap.2DSideScrollerExampleMap:PersistentLevel.2DSideScrollerExampleMap' with GeneratedClass '/Game/2DSideScrollerBP/Maps/2DSideScrollerExampleMap.2DSideScrollerExampleMap_C' with ClassGeneratedBy '/Game/2DSideScrollerBP/Maps/2DSideScrollerExampleMap.2DSideScrollerExampleMap:PersistentLevel.2DSideScrollerExampleMap'
[2016.04.20-01.49.37:974][909]LogPlayLevel: PlayLevel: No blueprints needed recompiling
[2016.04.20-01.49.37:974][909]PIE: New page: PIE session: 2DSideScrollerExampleMap (Apr 19, 2016, 5:49:37 PM)
[2016.04.20-01.49.37:974][909]LogPlayLevel: Creating play world package: /Game/2DSideScrollerBP/Maps/UEDPIE_0_2DSideScrollerExampleMap
[2016.04.20-01.49.37:983][909]LogPlayLevel: PIE: StaticDuplicateObject took: (0.008330s)
[2016.04.20-01.49.37:983][909]LogAIModule: Creating AISystem for world 2DSideScrollerExampleMap
[2016.04.20-01.49.37:984][909]LogPlayLevel: PIE: World Init took: (0.000647s)
[2016.04.20-01.49.37:984][909]LogPlayLevel: PIE: Created PIE world by copying editor world from /Game/2DSideScrollerBP/Maps/2DSideScrollerExampleMap.2DSideScrollerExampleMap to /Game/2DSideScrollerBP/Maps/UEDPIE_0_2DSideScrollerExampleMap.2DSideScrollerExampleMap (0.009193s)
[2016.04.20-01.49.38:007][909]LogInit: XAudio2 using 'Speakers (Realtek High Definition Audio)' : 2 channels at 48 kHz using 32 bits per sample (channel mask 0x3)
[2016.04.20-01.49.38:016][909]LogInit: FAudioDevice initialized.
[2016.04.20-01.49.38:125][909]LogWorld: Game class is 'AlienHeroGameMode_C'
[2016.04.20-01.49.38:140][909]LogWorld: Bringing World /Game/2DSideScrollerBP/Maps/UEDPIE_0_2DSideScrollerExampleMap.2DSideScrollerExampleMap up for play (max tick rate 0) at 2016.04.19-21.49.38
[2016.04.20-01.49.38:140][909]LogActor:Warning: GameSession /Game/2DSideScrollerBP/Maps/UEDPIE_0_2DSideScrollerExampleMap.2DSideScrollerExampleMap:PersistentLevel.GameSession_0 has natively added scene component(s), but none of them were set as the actor's RootComponent - picking one arbitrarily
[2016.04.20-01.49.38:141][909]LogActor:Warning: GameNetworkManager /Game/2DSideScrollerBP/Maps/UEDPIE_0_2DSideScrollerExampleMap.2DSideScrollerExampleMap:PersistentLevel.GameNetworkManager_1 has natively added scene component(s), but none of them were set as the actor's RootComponent - picking one arbitrarily
[2016.04.20-01.49.38:363][909]LogWorld: Bringing up level for play took: 0.236290
[2016.04.20-01.49.38:365][909]LogGameMode: Warning - PATHS NOT DEFINED or NO PLAYERSTART with positive rating
[2016.04.20-01.49.38:409][909]PIE: Info Play in editor start time for /Game/2DSideScrollerBP/Maps/UEDPIE_0_2DSideScrollerExampleMap 0.229
[2016.04.20-01.49.38:410][909]LogBlueprintUserMessages: Late PlayInEditor Detection: Level '/Game/2DSideScrollerBP/Maps/2DSideScrollerExampleMap.2DSideScrollerExampleMap:PersistentLevel' has LevelScriptBlueprint '/Game/2DSideScrollerBP/Maps/2DSideScrollerExampleMap.2DSideScrollerExampleMap:PersistentLevel.2DSideScrollerExampleMap' with GeneratedClass '/Game/2DSideScrollerBP/Maps/2DSideScrollerExampleMap.2DSideScrollerExampleMap_C' with ClassGeneratedBy '/Game/2DSideScrollerBP/Maps/2DSideScrollerExampleMap.2DSideScrollerExampleMap:PersistentLevel.2DSideScrollerExampleMap'
[2016.04.20-01.49.38:420][910]LogRenderer: Reallocating scene render targets to support 1280x720 (Frame:9113).
[2016.04.20-01.50.05:128][ 97]LogBlueprintUserMessages: Early EndPlayMap Detection: Level '/Game/2DSideScrollerBP/Maps/2DSideScrollerExampleMap.2DSideScrollerExampleMap:PersistentLevel' has LevelScriptBlueprint '/Game/2DSideScrollerBP/Maps/2DSideScrollerExampleMap.2DSideScrollerExampleMap:PersistentLevel.2DSideScrollerExampleMap' with GeneratedClass '/Game/2DSideScrollerBP/Maps/2DSideScrollerExampleMap.2DSideScrollerExampleMap_C' with ClassGeneratedBy '/Game/2DSideScrollerBP/Maps/2DSideScrollerExampleMap.2DSideScrollerExampleMap:PersistentLevel.2DSideScrollerExampleMap'
[2016.04.20-01.50.05:175][ 97]LogBlueprintUserMessages: Late EndPlayMap Detection: Level '/Game/2DSideScrollerBP/Maps/2DSideScrollerExampleMap.2DSideScrollerExampleMap:PersistentLevel' has LevelScriptBlueprint '/Game/2DSideScrollerBP/Maps/2DSideScrollerExampleMap.2DSideScrollerExampleMap:PersistentLevel.2DSideScrollerExampleMap' with GeneratedClass '/Game/2DSideScrollerBP/Maps/2DSideScrollerExampleMap.2DSideScrollerExampleMap_C' with ClassGeneratedBy '/Game/2DSideScrollerBP/Maps/2DSideScrollerExampleMap.2DSideScrollerExampleMap:PersistentLevel.2DSideScrollerExampleMap'
[2016.04.20-01.50.05:227][ 98]LogParticles: Destroying 0 GPU particle simulations for FXSystem 0x000001829B72F1A0
[2016.04.20-01.50.16:528][454]LogEditorTransaction: Undo Create Pin Link
[2016.04.20-01.50.17:839][589]LogEditorTransaction: Undo Delete current selection
[2016.04.20-01.50.20:866][944]BlueprintLog: New page: Compile 2DSideScrollerExampleMap
[2016.04.20-01.50.20:931][944]BlueprintEditorCompileResults: Info [0257.43] Compile of 2DSideScrollerExampleMap successful! [in 64 ms]
[2016.04.20-01.50.22:438][ 95]LogSavePackage: Save=118.093262ms
[2016.04.20-01.50.22:438][ 95]LogSavePackage: Moving 'C:/Users/Patricks/Desktop/Butterfly/Saved/2DSideScrollerExampleMapB260FD0B448C6FD95FD5EFA395D440AB.tmp' to 'C:/Users/Patricks/Desktop/Butterfly/Content/2DSideScrollerBP/Maps/2DSideScrollerExampleMap.umap'
[2016.04.20-01.50.22:440][ 95]LogSavePackage: Total save time: 137.331538ms
[2016.04.20-01.50.22:440][ 95]LogSavePackage:Display: Finished SavePackage C:/Users/Patricks/Desktop/Butterfly/Content/2DSideScrollerBP/Maps/2DSideScrollerExampleMap.umap
[2016.04.20-01.50.22:468][ 95]LogFileHelpers: Saving map '2DSideScrollerExampleMap' took 0.236
[2016.04.20-01.50.23:790][251]LogBlueprintUserMessages: Early PlayInEditor Detection: Level '/Game/2DSideScrollerBP/Maps/2DSideScrollerExampleMap.2DSideScrollerExampleMap:PersistentLevel' has LevelScriptBlueprint '/Game/2DSideScrollerBP/Maps/2DSideScrollerExampleMap.2DSideScrollerExampleMap:PersistentLevel.2DSideScrollerExampleMap' with GeneratedClass '/Game/2DSideScrollerBP/Maps/2DSideScrollerExampleMap.2DSideScrollerExampleMap_C' with ClassGeneratedBy '/Game/2DSideScrollerBP/Maps/2DSideScrollerExampleMap.2DSideScrollerExampleMap:PersistentLevel.2DSideScrollerExampleMap'
[2016.04.20-01.50.23:790][251]LogPlayLevel: PlayLevel: No blueprints needed recompiling
[2016.04.20-01.50.23:791][251]PIE: New page: PIE session: 2DSideScrollerExampleMap (Apr 19, 2016, 5:50:23 PM)
[2016.04.20-01.50.23:791][251]LogPlayLevel: Creating play world package: /Game/2DSideScrollerBP/Maps/UEDPIE_0_2DSideScrollerExampleMap
[2016.04.20-01.50.23:800][251]LogPlayLevel: PIE: StaticDuplicateObject took: (0.009510s)
[2016.04.20-01.50.23:801][251]LogAIModule: Creating AISystem for world 2DSideScrollerExampleMap
[2016.04.20-01.50.23:801][251]LogPlayLevel: PIE: World Init took: (0.000664s)
[2016.04.20-01.50.23:801][251]LogPlayLevel: PIE: Created PIE world by copying editor world from /Game/2DSideScrollerBP/Maps/2DSideScrollerExampleMap.2DSideScrollerExampleMap to /Game/2DSideScrollerBP/Maps/UEDPIE_0_2DSideScrollerExampleMap.2DSideScrollerExampleMap (0.010354s)
[2016.04.20-01.50.23:829][251]LogInit: XAudio2 using 'Speakers (Realtek High Definition Audio)' : 2 channels at 48 kHz using 32 bits per sample (channel mask 0x3)
[2016.04.20-01.50.23:837][251]LogInit: FAudioDevice initialized.
[2016.04.20-01.50.23:923][251]LogWorld: Game class is 'AlienHeroGameMode_C'
[2016.04.20-01.50.23:935][251]LogWorld: Bringing World /Game/2DSideScrollerBP/Maps/UEDPIE_0_2DSideScrollerExampleMap.2DSideScrollerExampleMap up for play (max tick rate 0) at 2016.04.19-21.50.23
[2016.04.20-01.50.23:935][251]LogActor:Warning: GameSession /Game/2DSideScrollerBP/Maps/UEDPIE_0_2DSideScrollerExampleMap.2DSideScrollerExampleMap:PersistentLevel.GameSession_1 has natively added scene component(s), but none of them were set as the actor's RootComponent - picking one arbitrarily
[2016.04.20-01.50.23:935][251]LogActor:Warning: GameNetworkManager /Game/2DSideScrollerBP/Maps/UEDPIE_0_2DSideScrollerExampleMap.2DSideScrollerExampleMap:PersistentLevel.GameNetworkManager_2 has natively added scene component(s), but none of them were set as the actor's RootComponent - picking one arbitrarily
[2016.04.20-01.50.23:936][251]LogWorld: Bringing up level for play took: 0.011168
[2016.04.20-01.50.23:936][251]LogGameMode: Warning - PATHS NOT DEFINED or NO PLAYERSTART with positive rating
[2016.04.20-01.50.23:947][251]PIE: Info Play in editor start time for /Game/2DSideScrollerBP/Maps/UEDPIE_0_2DSideScrollerExampleMap -0.234
[2016.04.20-01.50.23:947][251]LogBlueprintUserMessages: Late PlayInEditor Detection: Level '/Game/2DSideScrollerBP/Maps/2DSideScrollerExampleMap.2DSideScrollerExampleMap:PersistentLevel' has LevelScriptBlueprint '/Game/2DSideScrollerBP/Maps/2DSideScrollerExampleMap.2DSideScrollerExampleMap:PersistentLevel.2DSideScrollerExampleMap' with GeneratedClass '/Game/2DSideScrollerBP/Maps/2DSideScrollerExampleMap.2DSideScrollerExampleMap_C' with ClassGeneratedBy '/Game/2DSideScrollerBP/Maps/2DSideScrollerExampleMap.2DSideScrollerExampleMap:PersistentLevel.2DSideScrollerExampleMap'
[2016.04.20-01.50.26:303][524]LogBlueprintUserMessages: Early EndPlayMap Detection: Level '/Game/2DSideScrollerBP/Maps/2DSideScrollerExampleMap.2DSideScrollerExampleMap:PersistentLevel' has LevelScriptBlueprint '/Game/2DSideScrollerBP/Maps/2DSideScrollerExampleMap.2DSideScrollerExampleMap:PersistentLevel.2DSideScrollerExampleMap' with GeneratedClass '/Game/2DSideScrollerBP/Maps/2DSideScrollerExampleMap.2DSideScrollerExampleMap_C' with ClassGeneratedBy '/Game/2DSideScrollerBP/Maps/2DSideScrollerExampleMap.2DSideScrollerExampleMap:PersistentLevel.2DSideScrollerExampleMap'
[2016.04.20-01.50.26:350][524]LogBlueprintUserMessages: Late EndPlayMap Detection: Level '/Game/2DSideScrollerBP/Maps/2DSideScrollerExampleMap.2DSideScrollerExampleMap:PersistentLevel' has LevelScriptBlueprint '/Game/2DSideScrollerBP/Maps/2DSideScrollerExampleMap.2DSideScrollerExampleMap:PersistentLevel.2DSideScrollerExampleMap' with GeneratedClass '/Game/2DSideScrollerBP/Maps/2DSideScrollerExampleMap.2DSideScrollerExampleMap_C' with ClassGeneratedBy '/Game/2DSideScrollerBP/Maps/2DSideScrollerExampleMap.2DSideScrollerExampleMap:PersistentLevel.2DSideScrollerExampleMap'
[2016.04.20-01.50.26:375][524]LogParticles: Destroying 0 GPU particle simulations for FXSystem 0x00000182A4CE4AE0
[2016.04.20-01.50.34:027][439]LogEditorTransaction: Undo Resize Node
[2016.04.20-01.50.44:715][696]BlueprintLog: New page: Compile 2DSideScrollerGameMode
[2016.04.20-01.50.44:773][696]BlueprintEditorCompileResults: Info [0281.27] Compile of 2DSideScrollerGameMode successful! [in 58 ms]
[2016.04.20-01.50.45:999][841]LogBlueprintUserMessages: Early PlayInEditor Detection: Level '/Game/2DSideScrollerBP/Maps/2DSideScrollerExampleMap.2DSideScrollerExampleMap:PersistentLevel' has LevelScriptBlueprint '/Game/2DSideScrollerBP/Maps/2DSideScrollerExampleMap.2DSideScrollerExampleMap:PersistentLevel.2DSideScrollerExampleMap' with GeneratedClass '/Game/2DSideScrollerBP/Maps/2DSideScrollerExampleMap.2DSideScrollerExampleMap_C' with ClassGeneratedBy '/Game/2DSideScrollerBP/Maps/2DSideScrollerExampleMap.2DSideScrollerExampleMap:PersistentLevel.2DSideScrollerExampleMap'
[2016.04.20-01.50.45:999][841]LogPlayLevel: PlayLevel: No blueprints needed recompiling
[2016.04.20-01.50.45:999][841]PIE: New page: PIE session: 2DSideScrollerExampleMap (Apr 19, 2016, 5:50:45 PM)
[2016.04.20-01.50.45:999][841]LogPlayLevel: Creating play world package: /Game/2DSideScrollerBP/Maps/UEDPIE_0_2DSideScrollerExampleMap
[2016.04.20-01.50.46:008][841]LogPlayLevel: PIE: StaticDuplicateObject took: (0.009274s)
[2016.04.20-01.50.46:009][841]LogAIModule: Creating AISystem for world 2DSideScrollerExampleMap
[2016.04.20-01.50.46:009][841]LogPlayLevel: PIE: World Init took: (0.000560s)
[2016.04.20-01.50.46:009][841]LogPlayLevel: PIE: Created PIE world by copying editor world from /Game/2DSideScrollerBP/Maps/2DSideScrollerExampleMap.2DSideScrollerExampleMap to /Game/2DSideScrollerBP/Maps/UEDPIE_0_2DSideScrollerExampleMap.2DSideScrollerExampleMap (0.010011s)
[2016.04.20-01.50.46:037][841]LogInit: XAudio2 using 'Speakers (Realtek High Definition Audio)' : 2 channels at 48 kHz using 32 bits per sample (channel mask 0x3)
[2016.04.20-01.50.46:044][841]LogInit: FAudioDevice initialized.
[2016.04.20-01.50.46:130][841]LogWorld: Game class is 'AlienHeroGameMode_C'
[2016.04.20-01.50.46:141][841]LogWorld: Bringing World /Game/2DSideScrollerBP/Maps/UEDPIE_0_2DSideScrollerExampleMap.2DSideScrollerExampleMap up for play (max tick rate 0) at 2016.04.19-21.50.46
[2016.04.20-01.50.46:141][841]LogActor:Warning: GameSession /Game/2DSideScrollerBP/Maps/UEDPIE_0_2DSideScrollerExampleMap.2DSideScrollerExampleMap:PersistentLevel.GameSession_2 has natively added scene component(s), but none of them were set as the actor's RootComponent - picking one arbitrarily
[2016.04.20-01.50.46:141][841]LogActor:Warning: GameNetworkManager /Game/2DSideScrollerBP/Maps/UEDPIE_0_2DSideScrollerExampleMap.2DSideScrollerExampleMap:PersistentLevel.GameNetworkManager_3 has natively added scene component(s), but none of them were set as the actor's RootComponent - picking one arbitrarily
[2016.04.20-01.50.46:142][841]LogWorld: Bringing up level for play took: 0.009937
[2016.04.20-01.50.46:142][841]LogGameMode: Warning - PATHS NOT DEFINED or NO PLAYERSTART with positive rating
[2016.04.20-01.50.46:149][841]PIE: Info Play in editor start time for /Game/2DSideScrollerBP/Maps/UEDPIE_0_2DSideScrollerExampleMap -0.032
[2016.04.20-01.50.46:149][841]LogBlueprintUserMessages: Late PlayInEditor Detection: Level '/Game/2DSideScrollerBP/Maps/2DSideScrollerExampleMap.2DSideScrollerExampleMap:PersistentLevel' has LevelScriptBlueprint '/Game/2DSideScrollerBP/Maps/2DSideScrollerExampleMap.2DSideScrollerExampleMap:PersistentLevel.2DSideScrollerExampleMap' with GeneratedClass '/Game/2DSideScrollerBP/Maps/2DSideScrollerExampleMap.2DSideScrollerExampleMap_C' with ClassGeneratedBy '/Game/2DSideScrollerBP/Maps/2DSideScrollerExampleMap.2DSideScrollerExampleMap:PersistentLevel.2DSideScrollerExampleMap'
[2016.04.20-01.50.52:498][593]LogBlueprintUserMessages: Early EndPlayMap Detection: Level '/Game/2DSideScrollerBP/Maps/2DSideScrollerExampleMap.2DSideScrollerExampleMap:PersistentLevel' has LevelScriptBlueprint '/Game/2DSideScrollerBP/Maps/2DSideScrollerExampleMap.2DSideScrollerExampleMap:PersistentLevel.2DSideScrollerExampleMap' with GeneratedClass '/Game/2DSideScrollerBP/Maps/2DSideScrollerExampleMap.2DSideScrollerExampleMap_C' with ClassGeneratedBy '/Game/2DSideScrollerBP/Maps/2DSideScrollerExampleMap.2DSideScrollerExampleMap:PersistentLevel.2DSideScrollerExampleMap'
[2016.04.20-01.50.52:556][593]LogBlueprintUserMessages: Late EndPlayMap Detection: Level '/Game/2DSideScrollerBP/Maps/2DSideScrollerExampleMap.2DSideScrollerExampleMap:PersistentLevel' has LevelScriptBlueprint '/Game/2DSideScrollerBP/Maps/2DSideScrollerExampleMap.2DSideScrollerExampleMap:PersistentLevel.2DSideScrollerExampleMap' with GeneratedClass '/Game/2DSideScrollerBP/Maps/2DSideScrollerExampleMap.2DSideScrollerExampleMap_C' with ClassGeneratedBy '/Game/2DSideScrollerBP/Maps/2DSideScrollerExampleMap.2DSideScrollerExampleMap:PersistentLevel.2DSideScrollerExampleMap'
[2016.04.20-01.50.52:587][594]LogParticles: Destroying 0 GPU particle simulations for FXSystem 0x00000182B90479C0
[2016.04.20-01.50.54:638][838]LogBlueprintUserMessages: Early PlayInEditor Detection: Level '/Game/2DSideScrollerBP/Maps/2DSideScrollerExampleMap.2DSideScrollerExampleMap:PersistentLevel' has LevelScriptBlueprint '/Game/2DSideScrollerBP/Maps/2DSideScrollerExampleMap.2DSideScrollerExampleMap:PersistentLevel.2DSideScrollerExampleMap' with GeneratedClass '/Game/2DSideScrollerBP/Maps/2DSideScrollerExampleMap.2DSideScrollerExampleMap_C' with ClassGeneratedBy '/Game/2DSideScrollerBP/Maps/2DSideScrollerExampleMap.2DSideScrollerExampleMap:PersistentLevel.2DSideScrollerExampleMap'
[2016.04.20-01.50.54:638][838]LogPlayLevel: PlayLevel: No blueprints needed recompiling
[2016.04.20-01.50.54:638][838]PIE: New page: PIE session: 2DSideScrollerExampleMap (Apr 19, 2016, 5:50:54 PM)
[2016.04.20-01.50.54:639][838]LogPlayLevel: Creating play world package: /Game/2DSideScrollerBP/Maps/UEDPIE_0_2DSideScrollerExampleMap
[2016.04.20-01.50.54:649][838]LogPlayLevel: PIE: StaticDuplicateObject took: (0.010187s)
[2016.04.20-01.50.54:649][838]LogAIModule: Creating AISystem for world 2DSideScrollerExampleMap
[2016.04.20-01.50.54:649][838]LogPlayLevel: PIE: World Init took: (0.000646s)
[2016.04.20-01.50.54:650][838]LogPlayLevel: PIE: Created PIE world by copying editor world from /Game/2DSideScrollerBP/Maps/2DSideScrollerExampleMap.2DSideScrollerExampleMap to /Game/2DSideScrollerBP/Maps/UEDPIE_0_2DSideScrollerExampleMap.2DSideScrollerExampleMap (0.011033s)
[2016.04.20-01.50.54:674][838]LogInit: XAudio2 using 'Speakers (Realtek High Definition Audio)' : 2 channels at 48 kHz using 32 bits per sample (channel mask 0x3)
[2016.04.20-01.50.54:681][838]LogInit: FAudioDevice initialized.
[2016.04.20-01.50.54:760][838]LogWorld: Game class is 'AlienHeroGameMode_C'
[2016.04.20-01.50.54:770][838]LogWorld: Bringing World /Game/2DSideScrollerBP/Maps/UEDPIE_0_2DSideScrollerExampleMap.2DSideScrollerExampleMap up for play (max tick rate 0) at 2016.04.19-21.50.54
[2016.04.20-01.50.54:770][838]LogActor:Warning: GameSession /Game/2DSideScrollerBP/Maps/UEDPIE_0_2DSideScrollerExampleMap.2DSideScrollerExampleMap:PersistentLevel.GameSession_3 has natively added scene component(s), but none of them were set as the actor's RootComponent - picking one arbitrarily
[2016.04.20-01.50.54:771][838]LogActor:Warning: GameNetworkManager /Game/2DSideScrollerBP/Maps/UEDPIE_0_2DSideScrollerExampleMap.2DSideScrollerExampleMap:PersistentLevel.GameNetworkManager_4 has natively added scene component(s), but none of them were set as the actor's RootComponent - picking one arbitrarily
[2016.04.20-01.50.54:771][838]LogWorld: Bringing up level for play took: 0.009375
[2016.04.20-01.50.54:771][838]LogGameMode: Warning - PATHS NOT DEFINED or NO PLAYERSTART with positive rating
[2016.04.20-01.50.54:777][838]PIE: Info Play in editor start time for /Game/2DSideScrollerBP/Maps/UEDPIE_0_2DSideScrollerExampleMap 0.597
[2016.04.20-01.50.54:777][838]LogBlueprintUserMessages: Late PlayInEditor Detection: Level '/Game/2DSideScrollerBP/Maps/2DSideScrollerExampleMap.2DSideScrollerExampleMap:PersistentLevel' has LevelScriptBlueprint '/Game/2DSideScrollerBP/Maps/2DSideScrollerExampleMap.2DSideScrollerExampleMap:PersistentLevel.2DSideScrollerExampleMap' with GeneratedClass '/Game/2DSideScrollerBP/Maps/2DSideScrollerExampleMap.2DSideScrollerExampleMap_C' with ClassGeneratedBy '/Game/2DSideScrollerBP/Maps/2DSideScrollerExampleMap.2DSideScrollerExampleMap:PersistentLevel.2DSideScrollerExampleMap'
[2016.04.20-01.51.00:835][555]LogBlueprintUserMessages: Early EndPlayMap Detection: Level '/Game/2DSideScrollerBP/Maps/2DSideScrollerExampleMap.2DSideScrollerExampleMap:PersistentLevel' has LevelScriptBlueprint '/Game/2DSideScrollerBP/Maps/2DSideScrollerExampleMap.2DSideScrollerExampleMap:PersistentLevel.2DSideScrollerExampleMap' with GeneratedClass '/Game/2DSideScrollerBP/Maps/2DSideScrollerExampleMap.2DSideScrollerExampleMap_C' with ClassGeneratedBy '/Game/2DSideScrollerBP/Maps/2DSideScrollerExampleMap.2DSideScrollerExampleMap:PersistentLevel.2DSideScrollerExampleMap'
[2016.04.20-01.51.00:886][555]LogBlueprintUserMessages: Late EndPlayMap Detection: Level '/Game/2DSideScrollerBP/Maps/2DSideScrollerExampleMap.2DSideScrollerExampleMap:PersistentLevel' has LevelScriptBlueprint '/Game/2DSideScrollerBP/Maps/2DSideScrollerExampleMap.2DSideScrollerExampleMap:PersistentLevel.2DSideScrollerExampleMap' with GeneratedClass '/Game/2DSideScrollerBP/Maps/2DSideScrollerExampleMap.2DSideScrollerExampleMap_C' with ClassGeneratedBy '/Game/2DSideScrollerBP/Maps/2DSideScrollerExampleMap.2DSideScrollerExampleMap:PersistentLevel.2DSideScrollerExampleMap'
[2016.04.20-01.51.00:924][556]LogParticles: Destroying 0 GPU particle simulations for FXSystem 0x00000182C032B920
[2016.04.20-01.51.27:398][458]LogSavePackage: Save=10.726716ms
[2016.04.20-01.51.27:398][458]LogSavePackage: Moving 'C:/Users/Patricks/Desktop/Butterfly/Saved/2DSideScrollerGameModeAD52E47741105D240FB2478279E56254.tmp' to 'C:/Users/Patricks/Desktop/Butterfly/Content/2DSideScrollerBP/Blueprints/2DSideScrollerGameMode.uasset'
[2016.04.20-01.51.27:401][458]LogSavePackage: Total save time: 27.086344ms
[2016.04.20-01.51.27:401][458]LogSavePackage:Display: Finished SavePackage C:/Users/Patricks/Desktop/Butterfly/Content/2DSideScrollerBP/Blueprints/2DSideScrollerGameMode.uasset
[2016.04.20-01.51.27:490][458]LogWindowsTextInputMethodSystem:Display: IME system now deactivated.
[2016.04.20-01.51.27:679][459]Cmd: QUIT_EDITOR
[2016.04.20-01.51.27:957][459]LogExit: Preparing to exit.
[2016.04.20-01.51.28:391][459]LogExit: Editor shut down
[2016.04.20-01.51.28:391][459]LogExit: Transaction tracking system shut down
[2016.04.20-01.51.28:393][459]LogParticles: Destroying 0 GPU particle simulations for FXSystem 0x000001829715BA60
[2016.04.20-01.51.28:393][459]LogParticles: Destroying 0 GPU particle simulations for FXSystem 0x000001829F26F880
[2016.04.20-01.51.28:394][459]LogParticles: Destroying 0 GPU particle simulations for FXSystem 0x00000182A1D8C900
[2016.04.20-01.51.28:394][459]LogParticles: Destroying 0 GPU particle simulations for FXSystem 0x000001829DF34D60
[2016.04.20-01.51.28:548][459]LogParticles: Destroying 0 GPU particle simulations for FXSystem 0x000001829133B060
[2016.04.20-01.51.28:548][459]LogExit: Object subsystem successfully closed.
[2016.04.20-01.51.28:564][459]LogD3D11RHI: Shutdown
[2016.04.20-01.51.28:564][459]LogD3D11RHI: CleanupD3DDevice
[2016.04.20-01.51.28:603][459]LogD3D11RHI: ~FD3D11DynamicRHI
[2016.04.20-01.51.28:612][459]LogModuleManager: Shutting down and abandoning module CookingStats (202)
[2016.04.20-01.51.28:612][459]LogModuleManager: Shutting down and abandoning module BlueprintGraph (201)
[2016.04.20-01.51.28:612][459]LogModuleManager: Shutting down and abandoning module CrashTracker (200)
[2016.04.20-01.51.28:612][459]LogModuleManager: Shutting down and abandoning module SceneOutliner (199)
[2016.04.20-01.51.28:612][459]LogModuleManager: Shutting down and abandoning module SuperSearch (198)
[2016.04.20-01.51.28:612][459]LogModuleManager: Shutting down and abandoning module WidgetCarousel (197)
[2016.04.20-01.51.28:612][459]LogModuleManager: Shutting down and abandoning module AddContentDialog (196)
[2016.04.20-01.51.28:613][459]LogModuleManager: Shutting down and abandoning module EditorWidgets (195)
[2016.04.20-01.51.28:613][459]LogModuleManager: Shutting down and abandoning module CollectionManager (194)
[2016.04.20-01.51.28:613][459]LogModuleManager: Shutting down and abandoning module StatsViewer (193)
[2016.04.20-01.51.28:613][459]LogModuleManager: Shutting down and abandoning module FoliageEdit (192)
[2016.04.20-01.51.28:613][459]LogModuleManager: Shutting down and abandoning module LandscapeEditor (191)
[2016.04.20-01.51.28:613][459]LogModuleManager: Shutting down and abandoning module ActorPickerMode (190)
[2016.04.20-01.51.28:613][459]LogModuleManager: Shutting down and abandoning module GeometryMode (189)
[2016.04.20-01.51.28:613][459]LogModuleManager: Shutting down and abandoning module TextureAlignMode (188)
[2016.04.20-01.51.28:613][459]LogModuleManager: Shutting down and abandoning module BspMode (187)
[2016.04.20-01.51.28:613][459]LogModuleManager: Shutting down and abandoning module PlacementMode (186)
[2016.04.20-01.51.28:613][459]LogModuleManager: Shutting down and abandoning module AutomationWorker (185)
[2016.04.20-01.51.28:613][459]LogModuleManager: Shutting down and abandoning module CharacterAI (184)
[2016.04.20-01.51.28:613][459]LogModuleManager: Shutting down and abandoning module SmartSnapping (183)
[2016.04.20-01.51.28:613][459]LogModuleManager: Shutting down and abandoning module ViewportSnapping (182)
[2016.04.20-01.51.28:613][459]LogModuleManager: Shutting down and abandoning module LogVisualizer (181)
[2016.04.20-01.51.28:613][459]LogModuleManager: Shutting down and abandoning module GameProjectGeneration (180)
[2016.04.20-01.51.28:613][459]LogModuleManager: Shutting down and abandoning module IntroTutorials (179)
[2016.04.20-01.51.28:614][459]LogModuleManager: Shutting down and abandoning module EditorLiveStreaming (178)
[2016.04.20-01.51.28:614][459]LogModuleManager: Shutting down and abandoning module IOSPlatformEditor (177)
[2016.04.20-01.51.28:614][459]LogModuleManager: Shutting down and abandoning module HTML5PlatformEditor (176)
[2016.04.20-01.51.28:614][459]LogModuleManager: Shutting down and abandoning module AndroidDeviceDetection (175)
[2016.04.20-01.51.28:911][459]LogModuleManager: Shutting down and abandoning module AndroidPlatformEditor (174)
[2016.04.20-01.51.28:911][459]LogModuleManager: Shutting down and abandoning module IOSRuntimeSettings (173)
[2016.04.20-01.51.28:911][459]LogModuleManager: Shutting down and abandoning module AndroidRuntimeSettings (172)
[2016.04.20-01.51.28:911][459]LogModuleManager: Shutting down and abandoning module MergeActors (171)
[2016.04.20-01.51.28:911][459]LogModuleManager: Shutting down and abandoning module SizeMap (170)
[2016.04.20-01.51.28:911][459]LogModuleManager: Shutting down and abandoning module TreeMap (169)
[2016.04.20-01.51.28:911][459]LogModuleManager: Shutting down and abandoning module ReferenceViewer (168)
[2016.04.20-01.51.28:911][459]LogModuleManager: Shutting down and abandoning module LocalizationService (167)
[2016.04.20-01.51.28:911][459]LogModuleManager: Shutting down and abandoning module LocalizationDashboard (166)
[2016.04.20-01.51.28:911][459]LogModuleManager: Shutting down and abandoning module HardwareTargeting (165)
[2016.04.20-01.51.28:911][459]LogModuleManager: Shutting down and abandoning module DeviceProfileEditor (164)
[2016.04.20-01.51.28:911][459]LogModuleManager: Shutting down and abandoning module UndoHistory (163)
[2016.04.20-01.51.28:911][459]LogModuleManager: Shutting down and abandoning module GameplayTagsEditor (162)
[2016.04.20-01.51.28:911][459]LogModuleManager: Shutting down and abandoning module UserFeedback (161)
[2016.04.20-01.51.28:911][459]LogModuleManager: Shutting down and abandoning module XmlParser (160)
[2016.04.20-01.51.28:911][459]LogModuleManager: Shutting down and abandoning module Blutility (159)
[2016.04.20-01.51.28:911][459]LogModuleManager: Shutting down and abandoning module ProjectTargetPlatformEditor (158)
[2016.04.20-01.51.28:912][459]LogModuleManager: Shutting down and abandoning module ProjectSettingsViewer (157)
[2016.04.20-01.51.28:912][459]LogModuleManager: Shutting down and abandoning module InputBindingEditor (156)
[2016.04.20-01.51.28:912][459]LogModuleManager: Shutting down and abandoning module EditorSettingsViewer (155)
[2016.04.20-01.51.28:912][459]LogModuleManager: Shutting down and abandoning module SettingsEditor (154)
[2016.04.20-01.51.28:912][459]LogModuleManager: Shutting down and abandoning module ProjectLauncher (153)
[2016.04.20-01.51.28:912][459]LogModuleManager: Shutting down and abandoning module SessionFrontend (152)
[2016.04.20-01.51.28:912][459]LogModuleManager: Shutting down and abandoning module ProfilerClient (151)
[2016.04.20-01.51.28:912][459]LogModuleManager: Shutting down and abandoning module TargetDeviceServices (150)
[2016.04.20-01.51.28:912][459]LogModuleManager: Shutting down and abandoning module DeviceManager (149)
[2016.04.20-01.51.28:913][459]LogModuleManager: Shutting down and abandoning module AutomationController (148)
[2016.04.20-01.51.28:913][459]LogModuleManager: Shutting down and abandoning module AutomationWindow (147)
[2016.04.20-01.51.28:913][459]LogModuleManager: Shutting down and abandoning module Layers (146)
[2016.04.20-01.51.28:913][459]LogModuleManager: Shutting down and abandoning module ComponentVisualizers (145)
[2016.04.20-01.51.28:913][459]LogModuleManager: Shutting down and abandoning module DetailCustomizations (144)
[2016.04.20-01.51.28:913][459]LogModuleManager: Shutting down and abandoning module PackagesDialog (143)
[2016.04.20-01.51.28:913][459]LogModuleManager: Shutting down and abandoning module Persona (142)
[2016.04.20-01.51.28:913][459]LogModuleManager: Shutting down and abandoning module Kismet (141)
[2016.04.20-01.51.28:913][459]LogModuleManager: Shutting down and abandoning module GraphEditor (140)
[2016.04.20-01.51.28:914][459]LogModuleManager: Shutting down and abandoning module ClassViewer (139)
[2016.04.20-01.51.28:914][459]LogModuleManager: Shutting down and abandoning module Toolbox (138)
[2016.04.20-01.51.28:914][459]LogModuleManager: Shutting down and abandoning module ModuleUI (137)
[2016.04.20-01.51.28:914][459]LogModuleManager: Shutting down and abandoning module MovieSceneTools (136)
[2016.04.20-01.51.28:914][459]LogModuleManager: Shutting down and abandoning module OutputLog (135)
[2016.04.20-01.51.28:914][459]LogModuleManager: Shutting down and abandoning module GammaUI (134)
[2016.04.20-01.51.28:914][459]LogModuleManager: Shutting down and abandoning module Documentation (133)
[2016.04.20-01.51.28:914][459]LogModuleManager: Shutting down and abandoning module GameLiveStreaming (132)
[2016.04.20-01.51.28:914][459]LogModuleManager: Shutting down and abandoning module StreamingPauseRendering (131)
[2016.04.20-01.51.28:914][459]LogModuleManager: Shutting down and abandoning module AnalyticsET (130)
[2016.04.20-01.51.28:914][459]LogModuleManager: Shutting down and abandoning module Analytics (129)
[2016.04.20-01.51.28:914][459]LogModuleManager: Shutting down and abandoning module AITestSuite (128)
[2016.04.20-01.51.28:914][459]LogModuleManager: Shutting down and abandoning module GameplayDebugger (127)
[2016.04.20-01.51.28:914][459]LogModuleManager: Shutting down and abandoning module AIModule (126)
[2016.04.20-01.51.28:914][459]LogModuleManager: Shutting down and abandoning module ProfilerService (125)
[2016.04.20-01.51.29:046][459]LogModuleManager: Shutting down and abandoning module TaskGraph (124)
[2016.04.20-01.51.29:046][459]LogModuleManager: Shutting down and abandoning module SubstanceEditor (123)
[2016.04.20-01.51.29:046][459]LogModuleManager: Shutting down and abandoning module SlateRemote (122)
[2016.04.20-01.51.29:046][459]LogModuleManager: Shutting down and abandoning module SteamVRController (121)
[2016.04.20-01.51.29:046][459]LogModuleManager: Shutting down and abandoning module SteamVR (120)
[2016.04.20-01.51.29:046][459]LogModuleManager: Shutting down and abandoning module ProceduralMeshComponent (119)
[2016.04.20-01.51.29:046][459]LogModuleManager: Shutting down and abandoning module OculusLibrary (118)
[2016.04.20-01.51.29:046][459]LogModuleManager: Shutting down and abandoning module OculusInput (117)
[2016.04.20-01.51.29:046][459]LogModuleManager: Shutting down and abandoning module LeapMotionController (116)
[2016.04.20-01.51.29:090][459]LogModuleManager: Shutting down and abandoning module CustomMeshComponent (115)
[2016.04.20-01.51.29:090][459]LogModuleManager: Shutting down and abandoning module CableComponent (114)
[2016.04.20-01.51.29:090][459]LogModuleManager: Shutting down and abandoning module ArchVisCharacter (113)
[2016.04.20-01.51.29:090][459]LogModuleManager: Shutting down and abandoning module MessagingDebugger (112)
[2016.04.20-01.51.29:090][459]LogModuleManager: Shutting down and abandoning module MediaPlayerEditor (111)
[2016.04.20-01.51.29:090][459]LogModuleManager: Shutting down and abandoning module HTML5Networking (110)
[2016.04.20-01.51.29:090][459]LogModuleManager: Shutting down and abandoning module SpeedTreeImporter (109)
[2016.04.20-01.51.29:090][459]LogModuleManager: Shutting down and abandoning module PluginBrowser (108)
[2016.04.20-01.51.29:090][459]LogModuleManager: Shutting down and abandoning module EpicSurvey (107)
[2016.04.20-01.51.29:090][459]LogModuleManager: Shutting down and abandoning module DesktopPlatform (106)
[2016.04.20-01.51.29:090][459]LogModuleManager: Shutting down and abandoning module VisualStudioSourceCodeAccess (105)
[2016.04.20-01.51.29:090][459]LogModuleManager: Shutting down and abandoning module UObjectPlugin (104)
[2016.04.20-01.51.29:090][459]LogModuleManager: Shutting down and abandoning module SubversionSourceControl (103)
[2016.04.20-01.51.29:090][459]LogModuleManager: Shutting down and abandoning module PerforceSourceControl (102)
[2016.04.20-01.51.29:090][459]LogModuleManager: Shutting down and abandoning module SourceControl (101)
[2016.04.20-01.51.29:090][459]LogModuleManager: Shutting down and abandoning module GitSourceControl (100)
[2016.04.20-01.51.29:090][459]LogModuleManager: Shutting down and abandoning module LightPropagationVolumeEditor (99)
[2016.04.20-01.51.29:090][459]LogModuleManager: Shutting down and abandoning module PaperTiledImporter (98)
[2016.04.20-01.51.29:090][459]LogModuleManager: Shutting down and abandoning module PaperSpriteSheetImporter (97)
[2016.04.20-01.51.29:090][459]LogModuleManager: Shutting down and abandoning module MeshPaint (96)
[2016.04.20-01.51.29:090][459]LogModuleManager: Shutting down and abandoning module SlateReflector (95)
[2016.04.20-01.51.29:090][459]LogModuleManager: Shutting down and abandoning module HotReload (94)
[2016.04.20-01.51.29:091][459]LogModuleManager: Shutting down and abandoning module MainFrame (93)
[2016.04.20-01.51.29:091][459]LogModuleManager: Shutting down and abandoning module LevelEditor (92)
[2016.04.20-01.51.29:092][459]LogModuleManager: Shutting down and abandoning module ContentBrowser (91)
[2016.04.20-01.51.29:093][459]LogModuleManager: Shutting down and abandoning module Paper2DEditor (90)
[2016.04.20-01.51.29:093][459]LogModuleManager: Shutting down and abandoning module UdpMessaging (89)
[2016.04.20-01.51.29:193][459]LogModuleManager: Shutting down and abandoning module DirectoryWatcher (88)
[2016.04.20-01.51.29:194][459]LogModuleManager: Shutting down and abandoning module AssetRegistry (87)
[2016.04.20-01.51.29:318][459]LogModuleManager: Shutting down and abandoning module SubstanceCore (86)
[2016.04.20-01.51.29:318][459]LogModuleManager: Shutting down and abandoning module LightPropagationVolumeRuntime (85)
[2016.04.20-01.51.29:318][459]LogModuleManager: Shutting down and abandoning module Paper2D (84)
[2016.04.20-01.51.29:318][459]LogModuleManager: Shutting down and abandoning module WindowsMoviePlayer (83)
[2016.04.20-01.51.29:321][459]LogModuleManager: Shutting down and abandoning module Media (82)
[2016.04.20-01.51.29:321][459]LogModuleManager: Shutting down and abandoning module WmfMedia (81)
[2016.04.20-01.51.29:321][459]LogModuleManager: Shutting down and abandoning module OnlineBlueprintSupport (80)
[2016.04.20-01.51.29:321][459]LogModuleManager: Shutting down and abandoning module GameplayTasksEditor (79)
[2016.04.20-01.51.29:321][459]LogModuleManager: Shutting down and abandoning module PropertyEditor (78)
[2016.04.20-01.51.29:321][459]LogModuleManager: Shutting down and abandoning module BehaviorTreeEditor (77)
[2016.04.20-01.51.29:321][459]LogModuleManager: Shutting down and abandoning module FunctionalTesting (76)
[2016.04.20-01.51.29:321][459]LogModuleManager: Shutting down and abandoning module CollisionAnalyzer (75)
[2016.04.20-01.51.29:321][459]LogModuleManager: Shutting down and abandoning module WorkspaceMenuStructure (74)
[2016.04.20-01.51.29:321][459]LogModuleManager: Shutting down and abandoning module MessageLog (73)
[2016.04.20-01.51.29:321][459]LogModuleManager: Shutting down and abandoning module Sequencer (72)
[2016.04.20-01.51.29:321][459]LogModuleManager: Shutting down and abandoning module AssetTools (71)
[2016.04.20-01.51.29:321][459]LogModuleManager: Shutting down and abandoning module UMGEditor (70)
[2016.04.20-01.51.29:321][459]LogModuleManager: Shutting down and abandoning module UMG (69)
[2016.04.20-01.51.29:321][459]LogModuleManager: Shutting down and abandoning module Slate (68)
[2016.04.20-01.51.29:321][459]LogModuleManager: Shutting down and abandoning module EditorStyle (67)
[2016.04.20-01.51.29:323][459]LogModuleManager: Shutting down and abandoning module SessionServices (66)
[2016.04.20-01.51.29:323][459]LogModuleManager: Shutting down and abandoning module SourceCodeAccess (65)
[2016.04.20-01.51.29:323][459]LogModuleManager: Shutting down and abandoning module HeadMountedDisplay (64)
[2016.04.20-01.51.29:323][459]LogModuleManager: Shutting down and abandoning module XAudio2 (63)
[2016.04.20-01.51.29:323][459]LogModuleManager: Shutting down and abandoning module Networking (61)
[2016.04.20-01.51.29:323][459]LogModuleManager: Shutting down and abandoning module Core (60)
[2016.04.20-01.51.29:323][459]LogModuleManager: Shutting down and abandoning module KismetCompiler (59)
[2016.04.20-01.51.29:323][459]LogModuleManager: Shutting down and abandoning module PhysXFormats (58)
[2016.04.20-01.51.29:323][459]LogModuleManager: Shutting down and abandoning module MeshUtilities (57)
[2016.04.20-01.51.29:323][459]LogModuleManager: Shutting down and abandoning module DerivedDataCache (56)
[2016.04.20-01.51.29:414][459]LogDerivedDataCache: Shutdown
[2016.04.20-01.51.29:414][459]LogModuleManager: Shutting down and abandoning module ShaderFormatOpenGL (55)
[2016.04.20-01.51.29:414][459]LogModuleManager: Shutting down and abandoning module ShaderFormatD3D (54)
[2016.04.20-01.51.29:414][459]LogModuleManager: Shutting down and abandoning module MetalShaderFormat (53)
[2016.04.20-01.51.29:414][459]LogModuleManager: Shutting down and abandoning module TextureFormatUncompressed (52)
[2016.04.20-01.51.29:414][459]LogModuleManager: Shutting down and abandoning module TextureFormatPVR (51)
[2016.04.20-01.51.29:414][459]LogModuleManager: Shutting down and abandoning module TextureFormatIntelISPCTexComp (50)
[2016.04.20-01.51.29:414][459]LogModuleManager: Shutting down and abandoning module TextureFormatDXT (49)
[2016.04.20-01.51.29:414][459]LogModuleManager: Shutting down and abandoning module ImageWrapper (48)
[2016.04.20-01.51.29:414][459]LogModuleManager: Shutting down and abandoning module TextureFormatASTC (47)
[2016.04.20-01.51.29:414][459]LogModuleManager: Shutting down and abandoning module TextureFormatAndroid (46)
[2016.04.20-01.51.29:414][459]LogModuleManager: Shutting down and abandoning module AudioFormatOpus (45)
[2016.04.20-01.51.29:414][459]LogModuleManager: Shutting down and abandoning module AudioFormatOgg (44)
[2016.04.20-01.51.29:414][459]LogModuleManager: Shutting down and abandoning module AudioFormatADPCM (43)
[2016.04.20-01.51.29:414][459]LogModuleManager: Shutting down and abandoning module LinuxTargetPlatform (42)
[2016.04.20-01.51.29:414][459]LogModuleManager: Shutting down and abandoning module LinuxServerTargetPlatform (41)
[2016.04.20-01.51.29:414][459]LogModuleManager: Shutting down and abandoning module LinuxNoEditorTargetPlatform (40)
[2016.04.20-01.51.29:414][459]LogModuleManager: Shutting down and abandoning module Messaging (39)
[2016.04.20-01.51.29:414][459]LogModuleManager: Shutting down and abandoning module IOSTargetPlatform (38)
[2016.04.20-01.51.29:414][459]LogModuleManager: Shutting down and abandoning module HTML5TargetPlatform (37)
[2016.04.20-01.51.29:414][459]LogModuleManager: Shutting down and abandoning module Android_PVRTCTargetPlatform (36)
[2016.04.20-01.51.29:414][459]LogModuleManager: Shutting down and abandoning module Android_MultiTargetPlatform (35)
[2016.04.20-01.51.29:414][459]LogModuleManager: Shutting down and abandoning module Android_ETC2TargetPlatform (34)
[2016.04.20-01.51.29:414][459]LogModuleManager: Shutting down and abandoning module Android_ETC1TargetPlatform (33)
[2016.04.20-01.51.29:414][459]LogModuleManager: Shutting down and abandoning module Android_DXTTargetPlatform (32)
[2016.04.20-01.51.29:414][459]LogModuleManager: Shutting down and abandoning module Android_ATCTargetPlatform (31)
[2016.04.20-01.51.29:414][459]LogModuleManager: Shutting down and abandoning module Android_ASTCTargetPlatform (30)
[2016.04.20-01.51.29:414][459]LogModuleManager: Shutting down and abandoning module AndroidTargetPlatform (29)
[2016.04.20-01.51.29:414][459]LogModuleManager: Shutting down and abandoning module WindowsTargetPlatform (28)
[2016.04.20-01.51.29:414][459]LogModuleManager: Shutting down and abandoning module WindowsServerTargetPlatform (27)
[2016.04.20-01.51.29:414][459]LogModuleManager: Shutting down and abandoning module WindowsNoEditorTargetPlatform (26)
[2016.04.20-01.51.29:414][459]LogModuleManager: Shutting down and abandoning module WindowsClientTargetPlatform (25)
[2016.04.20-01.51.29:414][459]LogModuleManager: Shutting down and abandoning module AllDesktopTargetPlatform (24)
[2016.04.20-01.51.29:414][459]LogModuleManager: Shutting down and abandoning module TargetPlatform (23)
[2016.04.20-01.51.29:414][459]LogModuleManager: Shutting down and abandoning module InputCore (22)
[2016.04.20-01.51.29:414][459]LogModuleManager: Shutting down and abandoning module Settings (21)
[2016.04.20-01.51.29:414][459]LogModuleManager: Shutting down and abandoning module OnlineSubsystem (19)
[2016.04.20-01.51.29:414][459]LogModuleManager: Shutting down and abandoning module HTTP (18)
[2016.04.20-01.51.30:415][459]LogModuleManager: Shutting down and abandoning module XMPP (17)
[2016.04.20-01.51.30:415][459]LogModuleManager: Shutting down and abandoning module OculusRift (16)
[2016.04.20-01.51.30:415][459]LogModuleManager: Shutting down and abandoning module ExampleDeviceProfileSelector (15)
[2016.04.20-01.51.30:415][459]LogModuleManager: Shutting down and abandoning module TextureCompressor (14)
[2016.04.20-01.51.30:415][459]LogModuleManager: Shutting down and abandoning module ShaderCore (13)
[2016.04.20-01.51.30:415][459]LogModuleManager: Shutting down and abandoning module Landscape (12)
[2016.04.20-01.51.30:415][459]LogModuleManager: Shutting down and abandoning module SlateRHIRenderer (11)
[2016.04.20-01.51.30:416][459]LogModuleManager: Shutting down and abandoning module OpenGLDrv (10)
[2016.04.20-01.51.30:416][459]LogModuleManager: Shutting down and abandoning module D3D11RHI (9)
[2016.04.20-01.51.30:416][459]LogModuleManager: Shutting down and abandoning module AnimGraphRuntime (8)
[2016.04.20-01.51.30:416][459]LogModuleManager: Shutting down and abandoning module Renderer (7)
[2016.04.20-01.51.30:416][459]LogModuleManager: Shutting down and abandoning module Engine (6)
[2016.04.20-01.51.30:416][459]LogModuleManager: Shutting down and abandoning module CoreUObject (5)
[2016.04.20-01.51.30:416][459]LogModuleManager: Shutting down and abandoning module NetworkFile (4)
[2016.04.20-01.51.30:416][459]LogModuleManager: Shutting down and abandoning module StreamingFile (3)
[2016.04.20-01.51.30:416][459]LogModuleManager: Shutting down and abandoning module SandboxFile (2)
[2016.04.20-01.51.30:416][459]LogModuleManager: Shutting down and abandoning module PakFile (1)
[2016.04.20-01.51.30:418][459]LogExit: Exiting.
[2016.04.20-01.51.30:419][459]Log file closed, 04/19/16 21:51:30
